<?xml version="1.0" encoding="UTF-8"?>
<!-- Generated by org.testng.reporters.JUnitXMLReporter -->
<testsuite ignored="0" hostname="DESKTOP-U5B1BD3" failures="0" tests="5" name="Default test" time="0.21" errors="0" timestamp="2023-04-03T18:49:12 IST">
  <testcase classname="Annotations.Before_After_Test" name="test1" time="0.014"/>
  <testcase classname="Annotations.Before_After_Test" name="test2" time="0.003"/>
  <testcase classname="Annotations.Before_After_Test" name="test3" time="0.002"/>
  <testcase classname="Annotations.Before_After_Test" name="test4" time="0.002"/>
  <testcase classname="Annotations.Before_After_Test" name="test5" time="0.003"/>
</testsuite> <!-- Default test -->
