<?xml version="1.0" encoding="UTF-8"?>
<!-- Generated by org.testng.reporters.JUnitXMLReporter -->
<testsuite ignored="0" hostname="DESKTOP-U5B1BD3" failures="0" tests="20" name="Test 1" time="0.185" errors="0" timestamp="2023-04-04T16:07:20 IST">
  <testcase classname="before_After_Test.week_1" name="day1" time="0.008"/>
  <testcase classname="before_After_Test.week_1" name="day2" time="0.004"/>
  <testcase classname="before_After_Test.week_1" name="day3" time="0.003"/>
  <testcase classname="before_After_Test.week_1" name="day4" time="0.003"/>
  <testcase classname="before_After_Test.week_1" name="day5" time="0.002"/>
  <testcase classname="before_After_Test.week_2" name="day1" time="0.001"/>
  <testcase classname="before_After_Test.week_2" name="day2" time="0.003"/>
  <testcase classname="before_After_Test.week_2" name="day3" time="0.003"/>
  <testcase classname="before_After_Test.week_2" name="day4" time="0.006"/>
  <testcase classname="before_After_Test.week_2" name="day5" time="0.002"/>
  <testcase classname="before_After_Test.week_3" name="day1" time="0.002"/>
  <testcase classname="before_After_Test.week_3" name="day2" time="0.003"/>
  <testcase classname="before_After_Test.week_3" name="day3" time="0.001"/>
  <testcase classname="before_After_Test.week_3" name="day4" time="0.001"/>
  <testcase classname="before_After_Test.week_3" name="day5" time="0.001"/>
  <testcase classname="before_After_Test.week_4" name="day1" time="0.002"/>
  <testcase classname="before_After_Test.week_4" name="day2" time="0.001"/>
  <testcase classname="before_After_Test.week_4" name="day3" time="0.002"/>
  <testcase classname="before_After_Test.week_4" name="day4" time="0.001"/>
  <testcase classname="before_After_Test.week_4" name="day5" time="0.001"/>
</testsuite> <!-- Test 1 -->
