<?xml version="1.0" encoding="UTF-8"?>
<!-- Generated by org.testng.reporters.JUnitXMLReporter -->
<testsuite ignored="0" hostname="DESKTOP-U5B1BD3" failures="0" tests="15" name="Test" time="0.124" errors="0" timestamp="2023-04-04T16:18:41 IST">
  <testcase classname="before_Aftersuit_TestNG.week_1" name="day1" time="0.01"/>
  <testcase classname="before_Aftersuit_TestNG.week_1" name="day2" time="0.003"/>
  <testcase classname="before_Aftersuit_TestNG.week_1" name="day3" time="0.003"/>
  <testcase classname="before_Aftersuit_TestNG.week_1" name="day4" time="0.004"/>
  <testcase classname="before_Aftersuit_TestNG.week_1" name="day5" time="0.002"/>
  <testcase classname="before_Aftersuit_TestNG.week_2" name="day1" time="0.003"/>
  <testcase classname="before_Aftersuit_TestNG.week_2" name="day2" time="0.002"/>
  <testcase classname="before_Aftersuit_TestNG.week_2" name="day3" time="0.001"/>
  <testcase classname="before_Aftersuit_TestNG.week_2" name="day4" time="0.001"/>
  <testcase classname="before_Aftersuit_TestNG.week_2" name="day5" time="0.001"/>
  <testcase classname="before_Aftersuit_TestNG.week_3" name="day1" time="0.002"/>
  <testcase classname="before_Aftersuit_TestNG.week_3" name="day2" time="0.001"/>
  <testcase classname="before_Aftersuit_TestNG.week_3" name="day3" time="0.002"/>
  <testcase classname="before_Aftersuit_TestNG.week_3" name="day4" time="0.001"/>
  <testcase classname="before_Aftersuit_TestNG.week_3" name="day5" time="0.002"/>
</testsuite> <!-- Test -->
