<?xml version="1.0" encoding="UTF-8"?>
<testng-results ignored="0" total="20" passed="20" failed="0" skipped="0">
  <reporter-output>
  </reporter-output>
  <suite started-at="2023-04-04T16:18:41 IST" name="Suite" finished-at="2023-04-04T16:18:41 IST" duration-ms="371">
    <groups>
    </groups>
    <test started-at="2023-04-04T16:18:41 IST" name="Test" finished-at="2023-04-04T16:18:41 IST" duration-ms="124">
      <class name="before_Aftersuit_TestNG.week_2">
        <test-method signature="day1()[pri:6, instance:before_Aftersuit_TestNG.week_2@5a56cdac]" started-at="2023-04-04T16:18:41 IST" name="day1" finished-at="2023-04-04T16:18:41 IST" duration-ms="3" status="PASS">
          <reporter-output>
          </reporter-output>
        </test-method> <!-- day1 -->
        <test-method signature="day2()[pri:7, instance:before_Aftersuit_TestNG.week_2@5a56cdac]" started-at="2023-04-04T16:18:41 IST" name="day2" finished-at="2023-04-04T16:18:41 IST" duration-ms="2" status="PASS">
          <reporter-output>
          </reporter-output>
        </test-method> <!-- day2 -->
        <test-method signature="day3()[pri:8, instance:before_Aftersuit_TestNG.week_2@5a56cdac]" started-at="2023-04-04T16:18:41 IST" name="day3" finished-at="2023-04-04T16:18:41 IST" duration-ms="1" status="PASS">
          <reporter-output>
          </reporter-output>
        </test-method> <!-- day3 -->
        <test-method signature="day4()[pri:9, instance:before_Aftersuit_TestNG.week_2@5a56cdac]" started-at="2023-04-04T16:18:41 IST" name="day4" finished-at="2023-04-04T16:18:41 IST" duration-ms="1" status="PASS">
          <reporter-output>
          </reporter-output>
        </test-method> <!-- day4 -->
        <test-method signature="day5()[pri:10, instance:before_Aftersuit_TestNG.week_2@5a56cdac]" started-at="2023-04-04T16:18:41 IST" name="day5" finished-at="2023-04-04T16:18:41 IST" duration-ms="1" status="PASS">
          <reporter-output>
          </reporter-output>
        </test-method> <!-- day5 -->
      </class> <!-- before_Aftersuit_TestNG.week_2 -->
      <class name="before_Aftersuit_TestNG.week_3">
        <test-method signature="day1()[pri:11, instance:before_Aftersuit_TestNG.week_3@7c711375]" started-at="2023-04-04T16:18:41 IST" name="day1" finished-at="2023-04-04T16:18:41 IST" duration-ms="2" status="PASS">
          <reporter-output>
          </reporter-output>
        </test-method> <!-- day1 -->
        <test-method signature="day2()[pri:12, instance:before_Aftersuit_TestNG.week_3@7c711375]" started-at="2023-04-04T16:18:41 IST" name="day2" finished-at="2023-04-04T16:18:41 IST" duration-ms="1" status="PASS">
          <reporter-output>
          </reporter-output>
        </test-method> <!-- day2 -->
        <test-method signature="day3()[pri:13, instance:before_Aftersuit_TestNG.week_3@7c711375]" started-at="2023-04-04T16:18:41 IST" name="day3" finished-at="2023-04-04T16:18:41 IST" duration-ms="2" status="PASS">
          <reporter-output>
          </reporter-output>
        </test-method> <!-- day3 -->
        <test-method signature="day4()[pri:14, instance:before_Aftersuit_TestNG.week_3@7c711375]" started-at="2023-04-04T16:18:41 IST" name="day4" finished-at="2023-04-04T16:18:41 IST" duration-ms="1" status="PASS">
          <reporter-output>
          </reporter-output>
        </test-method> <!-- day4 -->
        <test-method signature="day5()[pri:15, instance:before_Aftersuit_TestNG.week_3@7c711375]" started-at="2023-04-04T16:18:41 IST" name="day5" finished-at="2023-04-04T16:18:41 IST" duration-ms="2" status="PASS">
          <reporter-output>
          </reporter-output>
        </test-method> <!-- day5 -->
      </class> <!-- before_Aftersuit_TestNG.week_3 -->
      <class name="before_Aftersuit_TestNG.week_1">
        <test-method signature="day1()[pri:1, instance:before_Aftersuit_TestNG.week_1@6392827e]" started-at="2023-04-04T16:18:41 IST" name="day1" finished-at="2023-04-04T16:18:41 IST" duration-ms="10" status="PASS">
          <reporter-output>
          </reporter-output>
        </test-method> <!-- day1 -->
        <test-method signature="day2()[pri:2, instance:before_Aftersuit_TestNG.week_1@6392827e]" started-at="2023-04-04T16:18:41 IST" name="day2" finished-at="2023-04-04T16:18:41 IST" duration-ms="3" status="PASS">
          <reporter-output>
          </reporter-output>
        </test-method> <!-- day2 -->
        <test-method signature="day3()[pri:3, instance:before_Aftersuit_TestNG.week_1@6392827e]" started-at="2023-04-04T16:18:41 IST" name="day3" finished-at="2023-04-04T16:18:41 IST" duration-ms="3" status="PASS">
          <reporter-output>
          </reporter-output>
        </test-method> <!-- day3 -->
        <test-method signature="day4()[pri:4, instance:before_Aftersuit_TestNG.week_1@6392827e]" started-at="2023-04-04T16:18:41 IST" name="day4" finished-at="2023-04-04T16:18:41 IST" duration-ms="4" status="PASS">
          <reporter-output>
          </reporter-output>
        </test-method> <!-- day4 -->
        <test-method signature="day5()[pri:5, instance:before_Aftersuit_TestNG.week_1@6392827e]" started-at="2023-04-04T16:18:41 IST" name="day5" finished-at="2023-04-04T16:18:41 IST" duration-ms="2" status="PASS">
          <reporter-output>
          </reporter-output>
        </test-method> <!-- day5 -->
      </class> <!-- before_Aftersuit_TestNG.week_1 -->
    </test> <!-- Test -->
    <test started-at="2023-04-04T16:18:41 IST" name="test 2" finished-at="2023-04-04T16:18:41 IST" duration-ms="38">
      <class name="before_Aftersuit_TestNG.week_4">
        <test-method signature="day1()[pri:16, instance:before_Aftersuit_TestNG.week_4@7d4f9aae]" started-at="2023-04-04T16:18:41 IST" name="day1" finished-at="2023-04-04T16:18:41 IST" duration-ms="2" status="PASS">
          <reporter-output>
          </reporter-output>
        </test-method> <!-- day1 -->
        <test-method signature="day2()[pri:17, instance:before_Aftersuit_TestNG.week_4@7d4f9aae]" started-at="2023-04-04T16:18:41 IST" name="day2" finished-at="2023-04-04T16:18:41 IST" duration-ms="2" status="PASS">
          <reporter-output>
          </reporter-output>
        </test-method> <!-- day2 -->
        <test-method signature="day3()[pri:18, instance:before_Aftersuit_TestNG.week_4@7d4f9aae]" started-at="2023-04-04T16:18:41 IST" name="day3" finished-at="2023-04-04T16:18:41 IST" duration-ms="2" status="PASS">
          <reporter-output>
          </reporter-output>
        </test-method> <!-- day3 -->
        <test-method signature="day4()[pri:19, instance:before_Aftersuit_TestNG.week_4@7d4f9aae]" started-at="2023-04-04T16:18:41 IST" name="day4" finished-at="2023-04-04T16:18:41 IST" duration-ms="1" status="PASS">
          <reporter-output>
          </reporter-output>
        </test-method> <!-- day4 -->
        <test-method signature="day5()[pri:20, instance:before_Aftersuit_TestNG.week_4@7d4f9aae]" started-at="2023-04-04T16:18:41 IST" name="day5" finished-at="2023-04-04T16:18:41 IST" duration-ms="11" status="PASS">
          <reporter-output>
          </reporter-output>
        </test-method> <!-- day5 -->
        <test-method is-config="true" signature="after()[pri:0, instance:before_Aftersuit_TestNG.week_4@7d4f9aae]" started-at="2023-04-04T16:18:41 IST" name="after" finished-at="2023-04-04T16:18:41 IST" duration-ms="1" status="PASS">
          <reporter-output>
          </reporter-output>
        </test-method> <!-- after -->
      </class> <!-- before_Aftersuit_TestNG.week_4 -->
      <class name="before_Aftersuit_TestNG.week_1">
        <test-method is-config="true" signature="before()[pri:0, instance:before_Aftersuit_TestNG.week_1@6392827e]" started-at="2023-04-04T16:18:41 IST" name="before" finished-at="2023-04-04T16:18:41 IST" duration-ms="11" status="PASS">
          <reporter-output>
          </reporter-output>
        </test-method> <!-- before -->
      </class> <!-- before_Aftersuit_TestNG.week_1 -->
    </test> <!-- test 2 -->
  </suite> <!-- Suite -->
</testng-results>
